<?xml version="1.0" encoding="UTF-8"?>
<!-- Generated by org.testng.reporters.JUnitReportReporter -->
<testsuite hostname="LAPTOP-8BQGS59Q" failures="0" tests="1" name="runners.ParallelRunner" time="18.444" errors="0" timestamp="2025-08-31T22:22:49 IST" skipped="0">
  <testcase classname="runners.ParallelRunner" name="runScenario" time="18.444"/>
</testsuite> <!-- runners.ParallelRunner -->
